<?xml version="1.0" encoding="UTF-8"?>
<testsuite xmlns:xsi="http://www.w3.org/2001/XMLSchema-instance" xsi:noNamespaceSchemaLocation="https://maven.apache.org/surefire/maven-surefire-plugin/xsd/surefire-test-report-3.0.xsd" version="3.0" name="TestSuite" time="0.364" tests="4" errors="0" skipped="0" failures="0">
  <properties>
    <property name="sun.desktop" value="windows"/>
    <property name="awt.toolkit" value="sun.awt.windows.WToolkit"/>
    <property name="java.specification.version" value="10"/>
    <property name="file.encoding.pkg" value="sun.io"/>
    <property name="sun.cpu.isalist" value="amd64"/>
    <property name="sun.jnu.encoding" value="Cp1252"/>
    <property name="java.class.path" value="C:\Users\srikanth.sadaram\Mavenjava\target\test-classes;C:\Users\srikanth.sadaram\Mavenjava\target\classes;C:\Users\srikanth.sadaram\.m2\repository\org\testng\testng\6.14.3\testng-6.14.3.jar;C:\Users\srikanth.sadaram\.m2\repository\com\beust\jcommander\1.72\jcommander-1.72.jar;C:\Users\srikanth.sadaram\.m2\repository\org\apache-extras\beanshell\bsh\2.0b6\bsh-2.0b6.jar;C:\Users\srikanth.sadaram\.m2\repository\org\seleniumhq\selenium\selenium-java\3.141.59\selenium-java-3.141.59.jar;C:\Users\srikanth.sadaram\.m2\repository\org\seleniumhq\selenium\selenium-api\3.141.59\selenium-api-3.141.59.jar;C:\Users\srikanth.sadaram\.m2\repository\org\seleniumhq\selenium\selenium-chrome-driver\3.141.59\selenium-chrome-driver-3.141.59.jar;C:\Users\srikanth.sadaram\.m2\repository\org\seleniumhq\selenium\selenium-edge-driver\3.141.59\selenium-edge-driver-3.141.59.jar;C:\Users\srikanth.sadaram\.m2\repository\org\seleniumhq\selenium\selenium-firefox-driver\3.141.59\selenium-firefox-driver-3.141.59.jar;C:\Users\srikanth.sadaram\.m2\repository\org\seleniumhq\selenium\selenium-ie-driver\3.141.59\selenium-ie-driver-3.141.59.jar;C:\Users\srikanth.sadaram\.m2\repository\org\seleniumhq\selenium\selenium-opera-driver\3.141.59\selenium-opera-driver-3.141.59.jar;C:\Users\srikanth.sadaram\.m2\repository\org\seleniumhq\selenium\selenium-remote-driver\3.141.59\selenium-remote-driver-3.141.59.jar;C:\Users\srikanth.sadaram\.m2\repository\org\seleniumhq\selenium\selenium-safari-driver\3.141.59\selenium-safari-driver-3.141.59.jar;C:\Users\srikanth.sadaram\.m2\repository\org\seleniumhq\selenium\selenium-support\3.141.59\selenium-support-3.141.59.jar;C:\Users\srikanth.sadaram\.m2\repository\net\bytebuddy\byte-buddy\1.8.15\byte-buddy-1.8.15.jar;C:\Users\srikanth.sadaram\.m2\repository\org\apache\commons\commons-exec\1.3\commons-exec-1.3.jar;C:\Users\srikanth.sadaram\.m2\repository\com\google\guava\guava\25.0-jre\guava-25.0-jre.jar;C:\Users\srikanth.sadaram\.m2\repository\com\google\code\findbugs\jsr305\1.3.9\jsr305-1.3.9.jar;C:\Users\srikanth.sadaram\.m2\repository\org\checkerframework\checker-compat-qual\2.0.0\checker-compat-qual-2.0.0.jar;C:\Users\srikanth.sadaram\.m2\repository\com\google\errorprone\error_prone_annotations\2.1.3\error_prone_annotations-2.1.3.jar;C:\Users\srikanth.sadaram\.m2\repository\com\google\j2objc\j2objc-annotations\1.1\j2objc-annotations-1.1.jar;C:\Users\srikanth.sadaram\.m2\repository\org\codehaus\mojo\animal-sniffer-annotations\1.14\animal-sniffer-annotations-1.14.jar;C:\Users\srikanth.sadaram\.m2\repository\com\squareup\okhttp3\okhttp\3.11.0\okhttp-3.11.0.jar;C:\Users\srikanth.sadaram\.m2\repository\com\squareup\okio\okio\1.14.0\okio-1.14.0.jar;C:\Users\srikanth.sadaram\.m2\repository\io\appium\java-client\7.0.0\java-client-7.0.0.jar;C:\Users\srikanth.sadaram\.m2\repository\com\google\code\gson\gson\2.8.5\gson-2.8.5.jar;C:\Users\srikanth.sadaram\.m2\repository\org\apache\httpcomponents\httpclient\4.5.6\httpclient-4.5.6.jar;C:\Users\srikanth.sadaram\.m2\repository\org\apache\httpcomponents\httpcore\4.4.10\httpcore-4.4.10.jar;C:\Users\srikanth.sadaram\.m2\repository\commons-logging\commons-logging\1.2\commons-logging-1.2.jar;C:\Users\srikanth.sadaram\.m2\repository\commons-codec\commons-codec\1.10\commons-codec-1.10.jar;C:\Users\srikanth.sadaram\.m2\repository\cglib\cglib\3.2.8\cglib-3.2.8.jar;C:\Users\srikanth.sadaram\.m2\repository\org\ow2\asm\asm\6.2.1\asm-6.2.1.jar;C:\Users\srikanth.sadaram\.m2\repository\org\apache\ant\ant\1.10.3\ant-1.10.3.jar;C:\Users\srikanth.sadaram\.m2\repository\org\apache\ant\ant-launcher\1.10.3\ant-launcher-1.10.3.jar;C:\Users\srikanth.sadaram\.m2\repository\commons-validator\commons-validator\1.6\commons-validator-1.6.jar;C:\Users\srikanth.sadaram\.m2\repository\commons-beanutils\commons-beanutils\1.9.2\commons-beanutils-1.9.2.jar;C:\Users\srikanth.sadaram\.m2\repository\commons-digester\commons-digester\1.8.1\commons-digester-1.8.1.jar;C:\Users\srikanth.sadaram\.m2\repository\commons-collections\commons-collections\3.2.2\commons-collections-3.2.2.jar;C:\Users\srikanth.sadaram\.m2\repository\org\apache\commons\commons-lang3\3.8\commons-lang3-3.8.jar;C:\Users\srikanth.sadaram\.m2\repository\commons-io\commons-io\2.6\commons-io-2.6.jar;C:\Users\srikanth.sadaram\.m2\repository\org\springframework\spring-context\5.1.0.RELEASE\spring-context-5.1.0.RELEASE.jar;C:\Users\srikanth.sadaram\.m2\repository\org\springframework\spring-aop\5.1.0.RELEASE\spring-aop-5.1.0.RELEASE.jar;C:\Users\srikanth.sadaram\.m2\repository\org\springframework\spring-beans\5.1.0.RELEASE\spring-beans-5.1.0.RELEASE.jar;C:\Users\srikanth.sadaram\.m2\repository\org\springframework\spring-core\5.1.0.RELEASE\spring-core-5.1.0.RELEASE.jar;C:\Users\srikanth.sadaram\.m2\repository\org\springframework\spring-jcl\5.1.0.RELEASE\spring-jcl-5.1.0.RELEASE.jar;C:\Users\srikanth.sadaram\.m2\repository\org\springframework\spring-expression\5.1.0.RELEASE\spring-expression-5.1.0.RELEASE.jar;C:\Users\srikanth.sadaram\.m2\repository\org\aspectj\aspectjweaver\1.9.1\aspectjweaver-1.9.1.jar;C:\Users\srikanth.sadaram\.m2\repository\org\slf4j\slf4j-api\1.7.25\slf4j-api-1.7.25.jar;"/>
    <property name="java.vm.vendor" value="&quot;Oracle Corporation&quot;"/>
    <property name="sun.arch.data.model" value="64"/>
    <property name="user.variant" value=""/>
    <property name="java.vendor.url" value="http://java.oracle.com/"/>
    <property name="user.timezone" value="Asia/Calcutta"/>
    <property name="java.vm.specification.version" value="10"/>
    <property name="os.name" value="Windows 10"/>
    <property name="sun.java.launcher" value="SUN_STANDARD"/>
    <property name="user.country" value="IN"/>
    <property name="sun.boot.library.path" value="C:\Program Files\Java\jdk-10\bin"/>
    <property name="sun.java.command" value="C:\Users\srikanth.sadaram\AppData\Local\Temp\surefire5351263874421649531\surefirebooter10343065832053117513.jar C:\Users\srikanth.sadaram\AppData\Local\Temp\surefire5351263874421649531 2019-01-24T14-58-16_351-jvmRun1 surefire9109963203909301900tmp surefire_015807490019982308242tmp"/>
    <property name="jdk.debug" value="release"/>
    <property name="surefire.test.class.path" value="C:\Users\srikanth.sadaram\Mavenjava\target\test-classes;C:\Users\srikanth.sadaram\Mavenjava\target\classes;C:\Users\srikanth.sadaram\.m2\repository\org\testng\testng\6.14.3\testng-6.14.3.jar;C:\Users\srikanth.sadaram\.m2\repository\com\beust\jcommander\1.72\jcommander-1.72.jar;C:\Users\srikanth.sadaram\.m2\repository\org\apache-extras\beanshell\bsh\2.0b6\bsh-2.0b6.jar;C:\Users\srikanth.sadaram\.m2\repository\org\seleniumhq\selenium\selenium-java\3.141.59\selenium-java-3.141.59.jar;C:\Users\srikanth.sadaram\.m2\repository\org\seleniumhq\selenium\selenium-api\3.141.59\selenium-api-3.141.59.jar;C:\Users\srikanth.sadaram\.m2\repository\org\seleniumhq\selenium\selenium-chrome-driver\3.141.59\selenium-chrome-driver-3.141.59.jar;C:\Users\srikanth.sadaram\.m2\repository\org\seleniumhq\selenium\selenium-edge-driver\3.141.59\selenium-edge-driver-3.141.59.jar;C:\Users\srikanth.sadaram\.m2\repository\org\seleniumhq\selenium\selenium-firefox-driver\3.141.59\selenium-firefox-driver-3.141.59.jar;C:\Users\srikanth.sadaram\.m2\repository\org\seleniumhq\selenium\selenium-ie-driver\3.141.59\selenium-ie-driver-3.141.59.jar;C:\Users\srikanth.sadaram\.m2\repository\org\seleniumhq\selenium\selenium-opera-driver\3.141.59\selenium-opera-driver-3.141.59.jar;C:\Users\srikanth.sadaram\.m2\repository\org\seleniumhq\selenium\selenium-remote-driver\3.141.59\selenium-remote-driver-3.141.59.jar;C:\Users\srikanth.sadaram\.m2\repository\org\seleniumhq\selenium\selenium-safari-driver\3.141.59\selenium-safari-driver-3.141.59.jar;C:\Users\srikanth.sadaram\.m2\repository\org\seleniumhq\selenium\selenium-support\3.141.59\selenium-support-3.141.59.jar;C:\Users\srikanth.sadaram\.m2\repository\net\bytebuddy\byte-buddy\1.8.15\byte-buddy-1.8.15.jar;C:\Users\srikanth.sadaram\.m2\repository\org\apache\commons\commons-exec\1.3\commons-exec-1.3.jar;C:\Users\srikanth.sadaram\.m2\repository\com\google\guava\guava\25.0-jre\guava-25.0-jre.jar;C:\Users\srikanth.sadaram\.m2\repository\com\google\code\findbugs\jsr305\1.3.9\jsr305-1.3.9.jar;C:\Users\srikanth.sadaram\.m2\repository\org\checkerframework\checker-compat-qual\2.0.0\checker-compat-qual-2.0.0.jar;C:\Users\srikanth.sadaram\.m2\repository\com\google\errorprone\error_prone_annotations\2.1.3\error_prone_annotations-2.1.3.jar;C:\Users\srikanth.sadaram\.m2\repository\com\google\j2objc\j2objc-annotations\1.1\j2objc-annotations-1.1.jar;C:\Users\srikanth.sadaram\.m2\repository\org\codehaus\mojo\animal-sniffer-annotations\1.14\animal-sniffer-annotations-1.14.jar;C:\Users\srikanth.sadaram\.m2\repository\com\squareup\okhttp3\okhttp\3.11.0\okhttp-3.11.0.jar;C:\Users\srikanth.sadaram\.m2\repository\com\squareup\okio\okio\1.14.0\okio-1.14.0.jar;C:\Users\srikanth.sadaram\.m2\repository\io\appium\java-client\7.0.0\java-client-7.0.0.jar;C:\Users\srikanth.sadaram\.m2\repository\com\google\code\gson\gson\2.8.5\gson-2.8.5.jar;C:\Users\srikanth.sadaram\.m2\repository\org\apache\httpcomponents\httpclient\4.5.6\httpclient-4.5.6.jar;C:\Users\srikanth.sadaram\.m2\repository\org\apache\httpcomponents\httpcore\4.4.10\httpcore-4.4.10.jar;C:\Users\srikanth.sadaram\.m2\repository\commons-logging\commons-logging\1.2\commons-logging-1.2.jar;C:\Users\srikanth.sadaram\.m2\repository\commons-codec\commons-codec\1.10\commons-codec-1.10.jar;C:\Users\srikanth.sadaram\.m2\repository\cglib\cglib\3.2.8\cglib-3.2.8.jar;C:\Users\srikanth.sadaram\.m2\repository\org\ow2\asm\asm\6.2.1\asm-6.2.1.jar;C:\Users\srikanth.sadaram\.m2\repository\org\apache\ant\ant\1.10.3\ant-1.10.3.jar;C:\Users\srikanth.sadaram\.m2\repository\org\apache\ant\ant-launcher\1.10.3\ant-launcher-1.10.3.jar;C:\Users\srikanth.sadaram\.m2\repository\commons-validator\commons-validator\1.6\commons-validator-1.6.jar;C:\Users\srikanth.sadaram\.m2\repository\commons-beanutils\commons-beanutils\1.9.2\commons-beanutils-1.9.2.jar;C:\Users\srikanth.sadaram\.m2\repository\commons-digester\commons-digester\1.8.1\commons-digester-1.8.1.jar;C:\Users\srikanth.sadaram\.m2\repository\commons-collections\commons-collections\3.2.2\commons-collections-3.2.2.jar;C:\Users\srikanth.sadaram\.m2\repository\org\apache\commons\commons-lang3\3.8\commons-lang3-3.8.jar;C:\Users\srikanth.sadaram\.m2\repository\commons-io\commons-io\2.6\commons-io-2.6.jar;C:\Users\srikanth.sadaram\.m2\repository\org\springframework\spring-context\5.1.0.RELEASE\spring-context-5.1.0.RELEASE.jar;C:\Users\srikanth.sadaram\.m2\repository\org\springframework\spring-aop\5.1.0.RELEASE\spring-aop-5.1.0.RELEASE.jar;C:\Users\srikanth.sadaram\.m2\repository\org\springframework\spring-beans\5.1.0.RELEASE\spring-beans-5.1.0.RELEASE.jar;C:\Users\srikanth.sadaram\.m2\repository\org\springframework\spring-core\5.1.0.RELEASE\spring-core-5.1.0.RELEASE.jar;C:\Users\srikanth.sadaram\.m2\repository\org\springframework\spring-jcl\5.1.0.RELEASE\spring-jcl-5.1.0.RELEASE.jar;C:\Users\srikanth.sadaram\.m2\repository\org\springframework\spring-expression\5.1.0.RELEASE\spring-expression-5.1.0.RELEASE.jar;C:\Users\srikanth.sadaram\.m2\repository\org\aspectj\aspectjweaver\1.9.1\aspectjweaver-1.9.1.jar;C:\Users\srikanth.sadaram\.m2\repository\org\slf4j\slf4j-api\1.7.25\slf4j-api-1.7.25.jar;"/>
    <property name="sun.cpu.endian" value="little"/>
    <property name="user.home" value="C:\Users\srikanth.sadaram"/>
    <property name="user.language" value="en"/>
    <property name="java.specification.vendor" value="Oracle Corporation"/>
    <property name="java.version.date" value="2018-03-20"/>
    <property name="java.home" value="C:\Program Files\Java\jdk-10"/>
    <property name="file.separator" value="\"/>
    <property name="basedir" value="C:\Users\srikanth.sadaram\Mavenjava"/>
    <property name="java.vm.compressedOopsMode" value="32-bit"/>
    <property name="line.separator" value="&#10;"/>
    <property name="java.specification.name" value="Java Platform API Specification"/>
    <property name="java.vm.specification.vendor" value="Oracle Corporation"/>
    <property name="java.awt.graphicsenv" value="sun.awt.Win32GraphicsEnvironment"/>
    <property name="surefire.real.class.path" value="C:\Users\srikanth.sadaram\AppData\Local\Temp\surefire5351263874421649531\surefirebooter10343065832053117513.jar"/>
    <property name="user.script" value=""/>
    <property name="sun.management.compiler" value="HotSpot 64-Bit Tiered Compilers"/>
    <property name="java.runtime.version" value="10+46"/>
    <property name="user.name" value="srikanth.sadaram"/>
    <property name="path.separator" value=";"/>
    <property name="os.version" value="10.0"/>
    <property name="java.runtime.name" value="Java(TM) SE Runtime Environment"/>
    <property name="file.encoding" value="Cp1252"/>
    <property name="java.vm.name" value="Java HotSpot(TM) 64-Bit Server VM"/>
    <property name="java.vendor.version" value="18.3"/>
    <property name="localRepository" value="C:\Users\srikanth.sadaram\.m2\repository"/>
    <property name="java.vendor.url.bug" value="http://bugreport.java.com/bugreport/"/>
    <property name="java.io.tmpdir" value="C:\Users\SRIKAN~1.SAD\AppData\Local\Temp\"/>
    <property name="java.version" value="10"/>
    <property name="user.dir" value="C:\Users\srikanth.sadaram\Mavenjava"/>
    <property name="os.arch" value="amd64"/>
    <property name="java.vm.specification.name" value="Java Virtual Machine Specification"/>
    <property name="java.awt.printerjob" value="sun.awt.windows.WPrinterJob"/>
    <property name="sun.os.patch.level" value=""/>
    <property name="java.library.path" value="C:\Program Files\Java\jdk-10\bin;C:\Windows\Sun\Java\bin;C:\Windows\system32;C:\Windows;C:\Program Files (x86)\Intel\iCLS Client\;C:\Program Files\Intel\iCLS Client\;C:\Windows\system32;C:\Windows;C:\Windows\System32\Wbem;C:\Windows\System32\WindowsPowerShell\v1.0\;C:\Program Files (x86)\Intel\Intel(R) Management Engine Components\DAL;C:\Program Files\Intel\Intel(R) Management Engine Components\DAL;C:\Program Files (x86)\Intel\Intel(R) Management Engine Components\IPT;C:\Program Files\Intel\Intel(R) Management Engine Components\IPT;C:\Program Files\Google\Google Apps Sync\;C:\Program Files\Java\jdk1.8.0_101\bin;C:\Program Files\Git\cmd;D:\Kranthi Data\apache-maven-3.5.0\bin;C:\Program Files\Java\jdk-10\bin;C:\Users\srikanth.sadaram\AppData\Local\Android\Sdk\tools;C:\Users\srikanth.sadaram\AppData\Local\Android\Sdk\tools\bin;C:\Users\srikanth.sadaram\AppData\Local\Android\Sdk\platform-tools;C:\Program Files\nodejs\;C:\Program Files\nodejs\node_modules\npm\bin;D:\apache-maven-3.6.0\bin;C:\Users\srikanth.sadaram\AppData\Roaming\npm;."/>
    <property name="java.vendor" value="Oracle Corporation"/>
    <property name="java.vm.info" value="mixed mode"/>
    <property name="java.vm.version" value="10+46"/>
    <property name="sun.io.unicode.encoding" value="UnicodeLittle"/>
    <property name="java.class.version" value="54.0"/>
  </properties>
  <testcase name="selenium" classname="qaclickacademy.SeleniumTest" time="0.006"/>
  <testcase name="sri" classname="qaclickacademy.SeleniumTest" time="0.002"/>
  <testcase name="Restpush" classname="qaclickacademy.RestAPITest" time="0.001"/>
  <testcase name="Rsetapi" classname="qaclickacademy.RestAPITest" time="0.001"/>
</testsuite>