<?xml version="1.0" encoding="UTF-8"?>
<!-- Generated by org.testng.reporters.JUnitReportReporter -->
<testsuite hostname="SYS291" failures="0" tests="2" name="qaclickacademy.AppiumTest" time="0.000" errors="0" timestamp="24 Jan 2019 09:24:31 GMT" skipped="0">
  <testcase classname="qaclickacademy.AppiumTest" name="IOSapp" time="0.000"/>
  <testcase classname="qaclickacademy.AppiumTest" name="Androidapp" time="0.000"/>
</testsuite> <!-- qaclickacademy.AppiumTest -->
