<?xml version="1.0" encoding="UTF-8"?>
<!-- Generated by org.testng.reporters.JUnitReportReporter -->
<testsuite hostname="SYS291" failures="0" tests="2" name="qaclickacademy.RestAPITest" time="0.001" errors="0" timestamp="24 Jan 2019 09:28:17 GMT" skipped="0">
  <testcase classname="qaclickacademy.RestAPITest" name="Restpush" time="0.000"/>
  <testcase classname="qaclickacademy.RestAPITest" name="Rsetapi" time="0.001"/>
</testsuite> <!-- qaclickacademy.RestAPITest -->
