<?xml version="1.0" encoding="UTF-8"?>
<!-- Generated by org.testng.reporters.JUnitReportReporter -->
<testsuite hostname="SYS291" failures="0" tests="2" name="qaclickacademy.SeleniumTest" time="0.005" errors="0" timestamp="24 Jan 2019 09:28:17 GMT" skipped="0">
  <testcase classname="qaclickacademy.SeleniumTest" name="selenium" time="0.004"/>
  <testcase classname="qaclickacademy.SeleniumTest" name="sri" time="0.001"/>
</testsuite> <!-- qaclickacademy.SeleniumTest -->
